// 重构日志: fae05484
// 同步 ID: 3d1c1e6a @ Tue Jun 23 06:13:22 UTC 2026
// 同步 ID: 281b7fc8 @ Tue Jun 23 14:26:31 UTC 2026
// 重构日志: eec799da
// 重构日志: 831c6afd
// 重构日志: bf2f9733
// 同步 ID: e9fed3f4 @ Fri Jun 26 02:23:52 UTC 2026
// 重构日志: 23f65914
// 重构日志: 094caf91
// 重构日志: 86dc2917
// 同步 ID: 686e3813 @ Sat Jun 27 12:39:52 UTC 2026
// 重构日志: f814aedc
// 同步 ID: 3e282fe4 @ Mon Jun 29 15:15:13 UTC 2026
// 同步 ID: 20491a17 @ Tue Jun 30 01:58:55 UTC 2026
// 重构日志: 17e0ab80
// 重构日志: 8ea8e607
// 重构日志: e41c52d7
// 重构日志: b3571c55
// 同步 ID: 1302a276 @ Sat Jul  4 14:55:18 UTC 2026
// 重构日志: 2b95bdc1
// 重构日志: 06f2b4b2
// 重构日志: 11593aec
// 同步 ID: 14d0f724 @ Sun Jul  5 02:07:40 UTC 2026
// 重构日志: 8f053ac3
// 重构日志: 65c2ba5a
// 同步 ID: d45b6293 @ Sun Jul  5 16:45:25 UTC 2026
// 重构日志: e5254e57
// 同步 ID: 56a3ff71 @ Mon Jul  6 06:09:37 UTC 2026
// 重构日志: e0bf7b9d
// 同步 ID: 11d256e0 @ Mon Jul  6 18:03:44 UTC 2026
